#
# A fatal error has been detected by the Java Runtime Environment:
#
#  SIGBUS (0xa) at pc=0x000000011181ee92, pid=1620, tid=0x0000000000001107
#
# JRE version: Java(TM) SE Runtime Environment (8.0_144-b01) (build 1.8.0_144-b01)
# Java VM: Java HotSpot(TM) 64-Bit Server VM (25.144-b01 mixed mode bsd-amd64 compressed oops)
# Problematic frame:
# C  [libzip.dylib+0x2e92]  newEntry+0x154
#
# Failed to write core dump. Core dumps have been disabled. To enable core dumping, try "ulimit -c unlimited" before starting Java again
#
# If you would like to submit a bug report, please visit:
#   http://bugreport.java.com/bugreport/crash.jsp
# The crash happened outside the Java Virtual Machine in native code.
# See problematic frame for where to report the bug.
#

---------------  T H R E A D  ---------------

Current thread (0x00007fe163673800):  JavaThread "localhost-startStop-1" daemon [_thread_in_native, id=4359, stack(0x00007000101d5000,0x00007000102d5000)]

siginfo: si_signo: 10 (SIGBUS), si_code: 2 (BUS_ADRERR), si_addr: 0x0000000119ce9a9c

Registers:
RAX=0x00007fe16073c7e0, RBX=0x0000000119ce9a90, RCX=0x0000000000000001, RDX=0x0000000000000400
RSP=0x00007000102d4040, RBP=0x00007000102d40a0, RSI=0x00000000fffffc3f, RDI=0x00000000000003a9
R8 =0x0000000016043a8a, R9 =0x0000000000000004, R10=0x00000000fffffc00, R11=0x00007fe160400000
R12=0x0000000000000000, R13=0x0000000000001237, R14=0x00007fe16073c7e0, R15=0x00007fe163673800
RIP=0x000000011181ee92, EFLAGS=0x0000000000010206, ERR=0x0000000000000004
  TRAPNO=0x000000000000000e

Top of Stack: (sp=0x00007000102d4040)
0x00007000102d4040:   00007000102d4100 00000001102d4090
0x00007000102d4050:   00007000102d40a0 000000011b3e1de6
0x00007000102d4060:   00007000102d4080 00007fe16073c7e0
0x00007000102d4070:   00007fe16043a850 000000000000051a
0x00007000102d4080:   0000000000000000 0000000000001237
0x00007000102d4090:   00007fe16073c7e0 00007fe163673800
0x00007000102d40a0:   00007000102d40c0 000000011181f441
0x00007000102d40b0:   00007000102d4160 00007000102d4110
0x00007000102d40c0:   00007000102d40d0 000000011181e157
0x00007000102d40d0:   00007000102d4120 000000011b6b0476
0x00007000102d40e0:   00000007956bfa30 00000007956bfa50
0x00007000102d40f0:   00000007a0e268e8 00000007956c0428
0x00007000102d4100:   0000000740001388 00000007956be268
0x00007000102d4110:   00000007400011b0 000000011bc404b0
0x00007000102d4120:   00000007a0e266f8 000000011bbdcc64
0x00007000102d4130:   00000001f41c4cdf 00000007a0e28ca8
0x00007000102d4140:   00000007a0e28cc0 00000007f41c4cdf
0x00007000102d4150:   00000007a0ce94b8 0000000000000000
0x00007000102d4160:   0000000000000009 00007000102d41d0
0x00007000102d4170:   00007000102d41d0 000000011b2b7302
0x00007000102d4180:   000000011b2b7302 00000007a0ce94b8
0x00007000102d4190:   00007000102d4190 000000011b1639a5
0x00007000102d41a0:   00007000102d4230 000000011b166cf8
0x00007000102d41b0:   0000000000000000 000000011b163b68
0x00007000102d41c0:   00007000102d4188 00007000102d4218
0x00007000102d41d0:   00007000102d4278 000000011b2b72bd
0x00007000102d41e0:   0000000000000000 0000000000000000
0x00007000102d41f0:   0000000000000000 00000007956be268
0x00007000102d4200:   0000000795695640 0000000795695940
0x00007000102d4210:   00000007a0ce94b8 0000000000000000
0x00007000102d4220:   00000007a0ce9350 00000007a0ce9478
0x00007000102d4230:   00000007a0ce93f0 00007000102d4238 

Instructions: (pc=0x000000011181ee92)
0x000000011181ee72:   49 8b 7f 38 e8 5b 1b 00 00 4d 89 77 38 49 89 5f
0x000000011181ee82:   40 4c 89 f0 48 85 c0 0f 84 11 05 00 00 48 89 c3
0x000000011181ee92:   0f b6 43 0c 0f b6 4b 0d 48 c1 e1 08 48 01 c1 0f
0x000000011181eea2:   b6 43 0e 0f b6 53 0f 48 c1 e2 08 48 01 c2 48 c1 

Register to memory mapping:

RAX=0x00007fe16073c7e0 is an unknown value
RBX=0x0000000119ce9a90 is an unknown value
RCX=0x0000000000000001 is an unknown value
RDX=0x0000000000000400 is an unknown value
RSP=0x00007000102d4040 is pointing into the stack for thread: 0x00007fe163673800
RBP=0x00007000102d40a0 is pointing into the stack for thread: 0x00007fe163673800
RSI=0x00000000fffffc3f is an unknown value
RDI=0x00000000000003a9 is an unknown value
R8 =0x0000000016043a8a is an unknown value
R9 =0x0000000000000004 is an unknown value
R10=0x00000000fffffc00 is an unknown value
R11=0x00007fe160400000 is an unknown value
R12=0x0000000000000000 is an unknown value
R13=0x0000000000001237 is an unknown value
R14=0x00007fe16073c7e0 is an unknown value
R15=0x00007fe163673800 is a thread


Stack: [0x00007000101d5000,0x00007000102d5000],  sp=0x00007000102d4040,  free space=1020k
Native frames: (J=compiled Java code, j=interpreted, Vv=VM code, C=native code)
C  [libzip.dylib+0x2e92]  newEntry+0x154
C  [libzip.dylib+0x3441]  ZIP_GetNextEntry+0x37
C  [libzip.dylib+0x2157]  Java_java_util_zip_ZipFile_getNextEntry+0xe
J 4366  java.util.zip.ZipFile.getNextEntry(JI)J (0 bytes) @ 0x000000011b6b0476 [0x000000011b6b03c0+0xb6]
J 4492 C2 org.apache.tomcat.util.scan.FileUrlJar.nextEntry()V (55 bytes) @ 0x000000011bbdcc64 [0x000000011bbdca80+0x1e4]
j  org.apache.catalina.startup.ContextConfig.processAnnotationsJar(Ljava/net/URL;Lorg/apache/catalina/deploy/WebXml;Z)V+205
j  org.apache.catalina.startup.ContextConfig.processAnnotationsUrl(Ljava/net/URL;Lorg/apache/catalina/deploy/WebXml;Z)V+22
j  org.apache.catalina.startup.ContextConfig.processAnnotations(Ljava/util/Set;Z)V+71
j  org.apache.catalina.startup.ContextConfig.webConfig()V+334
j  org.apache.catalina.startup.ContextConfig.configureStart()V+101
j  org.apache.catalina.startup.ContextConfig.lifecycleEvent(Lorg/apache/catalina/LifecycleEvent;)V+57
j  org.apache.catalina.util.LifecycleSupport.fireLifecycleEvent(Ljava/lang/String;Ljava/lang/Object;)V+37
j  org.apache.catalina.util.LifecycleBase.fireLifecycleEvent(Ljava/lang/String;Ljava/lang/Object;)V+6
j  org.apache.catalina.core.StandardContext.startInternal()V+586
j  org.apache.catalina.util.LifecycleBase.start()V+210
j  org.apache.catalina.core.ContainerBase$StartChild.call()Ljava/lang/Void;+4
j  org.apache.catalina.core.ContainerBase$StartChild.call()Ljava/lang/Object;+1
j  java.util.concurrent.FutureTask.run()V+42
j  java.util.concurrent.ThreadPoolExecutor.runWorker(Ljava/util/concurrent/ThreadPoolExecutor$Worker;)V+95
j  java.util.concurrent.ThreadPoolExecutor$Worker.run()V+5
j  java.lang.Thread.run()V+11
v  ~StubRoutines::call_stub
V  [libjvm.dylib+0x2ee70a]
V  [libjvm.dylib+0x2eeeae]
V  [libjvm.dylib+0x2ef05a]
V  [libjvm.dylib+0x3497b1]
V  [libjvm.dylib+0x56c0b3]
V  [libjvm.dylib+0x56d7a0]
V  [libjvm.dylib+0x48baee]
C  [libsystem_pthread.dylib+0x3661]  _pthread_body+0x154
C  [libsystem_pthread.dylib+0x350d]  _pthread_body+0x0
C  [libsystem_pthread.dylib+0x2bf9]  thread_start+0xd
C  0x0000000000000000

Java frames: (J=compiled Java code, j=interpreted, Vv=VM code)
J 4366  java.util.zip.ZipFile.getNextEntry(JI)J (0 bytes) @ 0x000000011b6b0404 [0x000000011b6b03c0+0x44]
J 4492 C2 org.apache.tomcat.util.scan.FileUrlJar.nextEntry()V (55 bytes) @ 0x000000011bbdcc64 [0x000000011bbdca80+0x1e4]
j  org.apache.catalina.startup.ContextConfig.processAnnotationsJar(Ljava/net/URL;Lorg/apache/catalina/deploy/WebXml;Z)V+205
j  org.apache.catalina.startup.ContextConfig.processAnnotationsUrl(Ljava/net/URL;Lorg/apache/catalina/deploy/WebXml;Z)V+22
j  org.apache.catalina.startup.ContextConfig.processAnnotations(Ljava/util/Set;Z)V+71
j  org.apache.catalina.startup.ContextConfig.webConfig()V+334
j  org.apache.catalina.startup.ContextConfig.configureStart()V+101
j  org.apache.catalina.startup.ContextConfig.lifecycleEvent(Lorg/apache/catalina/LifecycleEvent;)V+57
j  org.apache.catalina.util.LifecycleSupport.fireLifecycleEvent(Ljava/lang/String;Ljava/lang/Object;)V+37
j  org.apache.catalina.util.LifecycleBase.fireLifecycleEvent(Ljava/lang/String;Ljava/lang/Object;)V+6
j  org.apache.catalina.core.StandardContext.startInternal()V+586
j  org.apache.catalina.util.LifecycleBase.start()V+210
j  org.apache.catalina.core.ContainerBase$StartChild.call()Ljava/lang/Void;+4
j  org.apache.catalina.core.ContainerBase$StartChild.call()Ljava/lang/Object;+1
j  java.util.concurrent.FutureTask.run()V+42
j  java.util.concurrent.ThreadPoolExecutor.runWorker(Ljava/util/concurrent/ThreadPoolExecutor$Worker;)V+95
j  java.util.concurrent.ThreadPoolExecutor$Worker.run()V+5
j  java.lang.Thread.run()V+11
v  ~StubRoutines::call_stub

---------------  P R O C E S S  ---------------

Java Threads: ( => current thread )
=>0x00007fe163673800 JavaThread "localhost-startStop-1" daemon [_thread_in_native, id=4359, stack(0x00007000101d5000,0x00007000102d5000)]
  0x00007fe16364a800 JavaThread "Tomcat-startStop-1" daemon [_thread_blocked, id=3079, stack(0x00007000100d2000,0x00007000101d2000)]
  0x00007fe161051000 JavaThread "Service Thread" daemon [_thread_blocked, id=17923, stack(0x000070000fecc000,0x000070000ffcc000)]
  0x00007fe16104e800 JavaThread "C1 CompilerThread2" daemon [_thread_blocked, id=14595, stack(0x000070000fdc9000,0x000070000fec9000)]
  0x00007fe161024000 JavaThread "C2 CompilerThread1" daemon [_thread_in_native, id=18179, stack(0x000070000fcc6000,0x000070000fdc6000)]
  0x00007fe160800800 JavaThread "C2 CompilerThread0" daemon [_thread_in_native, id=14083, stack(0x000070000fbc3000,0x000070000fcc3000)]
  0x00007fe161023000 JavaThread "Signal Dispatcher" daemon [_thread_blocked, id=18691, stack(0x000070000fac0000,0x000070000fbc0000)]
  0x00007fe16183b800 JavaThread "Finalizer" daemon [_thread_blocked, id=12035, stack(0x000070000f9bd000,0x000070000fabd000)]
  0x00007fe161838800 JavaThread "Reference Handler" daemon [_thread_blocked, id=11779, stack(0x000070000f8ba000,0x000070000f9ba000)]
  0x00007fe161008000 JavaThread "main" [_thread_blocked, id=9987, stack(0x000070000f2a8000,0x000070000f3a8000)]

Other Threads:
  0x00007fe16200d000 VMThread [stack: 0x000070000f7b7000,0x000070000f8b7000] [id=20995]
  0x00007fe161052000 WatcherThread [stack: 0x000070000ffcf000,0x00007000100cf000] [id=15363]

VM state:not at safepoint (normal execution)

VM Mutex/Monitor currently owned by a thread: None

Heap:
 PSYoungGen      total 208384K, used 24452K [0x0000000795580000, 0x00000007a8580000, 0x00000007c0000000)
  eden space 186880K, 1% used [0x0000000795580000,0x0000000795864fc8,0x00000007a0c00000)
  from space 21504K, 99% used [0x00000007a0c00000,0x00000007a20fc158,0x00000007a2100000)
  to   space 28160K, 0% used [0x00000007a6a00000,0x00000007a6a00000,0x00000007a8580000)
 ParOldGen       total 70144K, used 38165K [0x0000000740000000, 0x0000000744480000, 0x0000000795580000)
  object space 70144K, 54% used [0x0000000740000000,0x0000000742545760,0x0000000744480000)
 Metaspace       used 28663K, capacity 29232K, committed 29440K, reserved 1075200K
  class space    used 3361K, capacity 3512K, committed 3584K, reserved 1048576K

Card table byte_map: [0x0000000111be5000,0x0000000111fe6000] byte_map_base: 0x000000010e1e5000

Marking Bits: (ParMarkBitMap*) 0x00000001110f35d0
 Begin Bits: [0x0000000112291000, 0x0000000114291000)
 End Bits:   [0x0000000114291000, 0x0000000116291000)

Polling page: 0x000000010fff0000

CodeCache: size=245760Kb used=12599Kb max_used=13603Kb free=233160Kb
 bounds [0x000000011b2af000, 0x000000011c02f000, 0x000000012a2af000]
 total_blobs=4382 nmethods=3937 adapters=356
 compilation: enabled

Compilation events (10 events):
Event: 11,939 Thread 0x00007fe160800800 nmethod 4509 0x000000011bc1d9d0 code [0x000000011bc1db40, 0x000000011bc1dd78]
Event: 11,939 Thread 0x00007fe160800800 4501       4       org.apache.tomcat.util.bcel.classfile.ClassParser::<init> (90 bytes)
Event: 11,960 Thread 0x00007fe160800800 nmethod 4501 0x000000011b8afdd0 code [0x000000011b8aff80, 0x000000011b8b05c8]
Event: 11,960 Thread 0x00007fe160800800 4508       4       org.apache.tomcat.util.bcel.classfile.ClassParser::readClassInfo (113 bytes)
Event: 11,962 Thread 0x00007fe160800800 nmethod 4508 0x000000011bd4a690 code [0x000000011bd4a800, 0x000000011bd4a948]
Event: 11,962 Thread 0x00007fe160800800 4502   !   4       org.apache.tomcat.util.bcel.classfile.ClassParser::parse (294 bytes)
Event: 12,220 Thread 0x00007fe16104e800 4538       3       java.util.Locale::equals (75 bytes)
Event: 12,220 Thread 0x00007fe16104e800 nmethod 4538 0x000000011b553390 code [0x000000011b553560, 0x000000011b553d98]
Event: 12,220 Thread 0x00007fe16104e800 4539       3       java.util.Calendar::setFieldsComputed (117 bytes)
Event: 12,221 Thread 0x00007fe16104e800 nmethod 4539 0x000000011b426d10 code [0x000000011b426ec0, 0x000000011b427390]

GC Heap History (10 events):
Event: 4,870 GC heap before
{Heap before GC invocations=6 (full 0):
 PSYoungGen      total 71680K, used 26338K [0x0000000795580000, 0x000000079ee80000, 0x00000007c0000000)
  eden space 66560K, 31% used [0x0000000795580000,0x0000000796a389d8,0x0000000799680000)
  from space 5120K, 100% used [0x0000000799680000,0x0000000799b80000,0x0000000799b80000)
  to   space 11776K, 0% used [0x000000079e300000,0x000000079e300000,0x000000079ee80000)
 ParOldGen       total 87552K, used 13685K [0x0000000740000000, 0x0000000745580000, 0x0000000795580000)
  object space 87552K, 15% used [0x0000000740000000,0x0000000740d5d490,0x0000000745580000)
 Metaspace       used 20642K, capacity 21140K, committed 21296K, reserved 1069056K
  class space    used 2468K, capacity 2654K, committed 2688K, reserved 1048576K
Event: 4,890 GC heap after
Heap after GC invocations=6 (full 0):
 PSYoungGen      total 142848K, used 7841K [0x0000000795580000, 0x000000079ec80000, 0x00000007c0000000)
  eden space 133120K, 0% used [0x0000000795580000,0x0000000795580000,0x000000079d780000)
  from space 9728K, 80% used [0x000000079e300000,0x000000079eaa8510,0x000000079ec80000)
  to   space 10752K, 0% used [0x000000079d780000,0x000000079d780000,0x000000079e200000)
 ParOldGen       total 87552K, used 13693K [0x0000000740000000, 0x0000000745580000, 0x0000000795580000)
  object space 87552K, 15% used [0x0000000740000000,0x0000000740d5f490,0x0000000745580000)
 Metaspace       used 20642K, capacity 21140K, committed 21296K, reserved 1069056K
  class space    used 2468K, capacity 2654K, committed 2688K, reserved 1048576K
}
Event: 4,890 GC heap before
{Heap before GC invocations=7 (full 1):
 PSYoungGen      total 142848K, used 7841K [0x0000000795580000, 0x000000079ec80000, 0x00000007c0000000)
  eden space 133120K, 0% used [0x0000000795580000,0x0000000795580000,0x000000079d780000)
  from space 9728K, 80% used [0x000000079e300000,0x000000079eaa8510,0x000000079ec80000)
  to   space 10752K, 0% used [0x000000079d780000,0x000000079d780000,0x000000079e200000)
 ParOldGen       total 87552K, used 13693K [0x0000000740000000, 0x0000000745580000, 0x0000000795580000)
  object space 87552K, 15% used [0x0000000740000000,0x0000000740d5f490,0x0000000745580000)
 Metaspace       used 20642K, capacity 21140K, committed 21296K, reserved 1069056K
  class space    used 2468K, capacity 2654K, committed 2688K, reserved 1048576K
Event: 4,989 GC heap after
Heap after GC invocations=7 (full 1):
 PSYoungGen      total 142848K, used 0K [0x0000000795580000, 0x000000079ec80000, 0x00000007c0000000)
  eden space 133120K, 0% used [0x0000000795580000,0x0000000795580000,0x000000079d780000)
  from space 9728K, 0% used [0x000000079e300000,0x000000079e300000,0x000000079ec80000)
  to   space 10752K, 0% used [0x000000079d780000,0x000000079d780000,0x000000079e200000)
 ParOldGen       total 70144K, used 13046K [0x0000000740000000, 0x0000000744480000, 0x0000000795580000)
  object space 70144K, 18% used [0x0000000740000000,0x0000000740cbdb90,0x0000000744480000)
 Metaspace       used 20642K, capacity 21140K, committed 21296K, reserved 1069056K
  class space    used 2468K, capacity 2654K, committed 2688K, reserved 1048576K
}
Event: 9,837 GC heap before
{Heap before GC invocations=8 (full 1):
 PSYoungGen      total 142848K, used 133120K [0x0000000795580000, 0x000000079ec80000, 0x00000007c0000000)
  eden space 133120K, 100% used [0x0000000795580000,0x000000079d780000,0x000000079d780000)
  from space 9728K, 0% used [0x000000079e300000,0x000000079e300000,0x000000079ec80000)
  to   space 10752K, 0% used [0x000000079d780000,0x000000079d780000,0x000000079e200000)
 ParOldGen       total 70144K, used 13046K [0x0000000740000000, 0x0000000744480000, 0x0000000795580000)
  object space 70144K, 18% used [0x0000000740000000,0x0000000740cbdb90,0x0000000744480000)
 Metaspace       used 28637K, capacity 29168K, committed 29440K, reserved 1075200K
  class space    used 3358K, capacity 3512K, committed 3584K, reserved 1048576K
Event: 9,882 GC heap after
Heap after GC invocations=8 (full 1):
 PSYoungGen      total 143872K, used 10731K [0x0000000795580000, 0x00000007a3080000, 0x00000007c0000000)
  eden space 133120K, 0% used [0x0000000795580000,0x0000000795580000,0x000000079d780000)
  from space 10752K, 99% used [0x000000079d780000,0x000000079e1faee8,0x000000079e200000)
  to   space 15872K, 0% used [0x00000007a2100000,0x00000007a2100000,0x00000007a3080000)
 ParOldGen       total 70144K, used 20787K [0x0000000740000000, 0x0000000744480000, 0x0000000795580000)
  object space 70144K, 29% used [0x0000000740000000,0x000000074144cee0,0x0000000744480000)
 Metaspace       used 28637K, capacity 29168K, committed 29440K, reserved 1075200K
  class space    used 3358K, capacity 3512K, committed 3584K, reserved 1048576K
}
Event: 10,999 GC heap before
{Heap before GC invocations=9 (full 1):
 PSYoungGen      total 143872K, used 143851K [0x0000000795580000, 0x00000007a3080000, 0x00000007c0000000)
  eden space 133120K, 100% used [0x0000000795580000,0x000000079d780000,0x000000079d780000)
  from space 10752K, 99% used [0x000000079d780000,0x000000079e1faee8,0x000000079e200000)
  to   space 15872K, 0% used [0x00000007a2100000,0x00000007a2100000,0x00000007a3080000)
 ParOldGen       total 70144K, used 20787K [0x0000000740000000, 0x0000000744480000, 0x0000000795580000)
  object space 70144K, 29% used [0x0000000740000000,0x000000074144cee0,0x0000000744480000)
 Metaspace       used 28650K, capacity 29232K, committed 29440K, reserved 1075200K
  class space    used 3358K, capacity 3512K, committed 3584K, reserved 1048576K
Event: 11,047 GC heap after
Heap after GC invocations=9 (full 1):
 PSYoungGen      total 202752K, used 15849K [0x0000000795580000, 0x00000007a4680000, 0x00000007c0000000)
  eden space 186880K, 0% used [0x0000000795580000,0x0000000795580000,0x00000007a0c00000)
  from space 15872K, 99% used [0x00000007a2100000,0x00000007a307a6f0,0x00000007a3080000)
  to   space 21504K, 0% used [0x00000007a0c00000,0x00000007a0c00000,0x00000007a2100000)
 ParOldGen       total 70144K, used 28778K [0x0000000740000000, 0x0000000744480000, 0x0000000795580000)
  object space 70144K, 41% used [0x0000000740000000,0x0000000741c1abd8,0x0000000744480000)
 Metaspace       used 28650K, capacity 29232K, committed 29440K, reserved 1075200K
  class space    used 3358K, capacity 3512K, committed 3584K, reserved 1048576K
}
Event: 12,137 GC heap before
{Heap before GC invocations=10 (full 1):
 PSYoungGen      total 202752K, used 202729K [0x0000000795580000, 0x00000007a4680000, 0x00000007c0000000)
  eden space 186880K, 100% used [0x0000000795580000,0x00000007a0c00000,0x00000007a0c00000)
  from space 15872K, 99% used [0x00000007a2100000,0x00000007a307a6f0,0x00000007a3080000)
  to   space 21504K, 0% used [0x00000007a0c00000,0x00000007a0c00000,0x00000007a2100000)
 ParOldGen       total 70144K, used 28778K [0x0000000740000000, 0x0000000744480000, 0x0000000795580000)
  object space 70144K, 41% used [0x0000000740000000,0x0000000741c1abd8,0x0000000744480000)
 Metaspace       used 28652K, capacity 29232K, committed 29440K, reserved 1075200K
  class space    used 3358K, capacity 3512K, committed 3584K, reserved 1048576K
Event: 12,201 GC heap after
Heap after GC invocations=10 (full 1):
 PSYoungGen      total 208384K, used 21488K [0x0000000795580000, 0x00000007a8580000, 0x00000007c0000000)
  eden space 186880K, 0% used [0x0000000795580000,0x0000000795580000,0x00000007a0c00000)
  from space 21504K, 99% used [0x00000007a0c00000,0x00000007a20fc158,0x00000007a2100000)
  to   space 28160K, 0% used [0x00000007a6a00000,0x00000007a6a00000,0x00000007a8580000)
 ParOldGen       total 70144K, used 38165K [0x0000000740000000, 0x0000000744480000, 0x0000000795580000)
  object space 70144K, 54% used [0x0000000740000000,0x0000000742545760,0x0000000744480000)
 Metaspace       used 28652K, capacity 29232K, committed 29440K, reserved 1075200K
  class space    used 3358K, capacity 3512K, committed 3584K, reserved 1048576K
}

Deoptimization events (10 events):
Event: 8,738 Thread 0x00007fe163673800 Uncommon trap: reason=class_check action=maybe_recompile pc=0x000000011bd52028 method=java.util.zip.InflaterInputStream.read([BII)I @ 100
Event: 8,741 Thread 0x00007fe163673800 Uncommon trap: reason=class_check action=maybe_recompile pc=0x000000011bd52028 method=java.util.zip.InflaterInputStream.read([BII)I @ 100
Event: 8,741 Thread 0x00007fe163673800 Uncommon trap: reason=class_check action=maybe_recompile pc=0x000000011bd52028 method=java.util.zip.InflaterInputStream.read([BII)I @ 100
Event: 8,741 Thread 0x00007fe163673800 Uncommon trap: reason=class_check action=maybe_recompile pc=0x000000011bd52028 method=java.util.zip.InflaterInputStream.read([BII)I @ 100
Event: 8,836 Thread 0x00007fe163673800 Uncommon trap: reason=unstable_if action=reinterpret pc=0x000000011bea0534 method=java.util.Properties.loadConvert([CII[C)Ljava/lang/String; @ 57
Event: 8,865 Thread 0x00007fe163673800 Uncommon trap: reason=unstable_if action=reinterpret pc=0x000000011bfec228 method=com.sun.org.apache.xerces.internal.impl.XMLEntityScanner.checkBeforeLoad(Lcom/sun/xml/internal/stream/Entity$ScannedEntity;II)I @ 18
Event: 8,908 Thread 0x00007fe163673800 Uncommon trap: reason=unstable_if action=reinterpret pc=0x000000011bf3c294 method=com.sun.org.apache.xerces.internal.impl.XMLEntityScanner.checkBeforeLoad(Lcom/sun/xml/internal/stream/Entity$ScannedEntity;II)I @ 18
Event: 9,714 Thread 0x00007fe163673800 Uncommon trap: reason=unstable_if action=reinterpret pc=0x000000011b4010c8 method=java.io.DataInputStream.readUTF(Ljava/io/DataInput;)Ljava/lang/String; @ 112
Event: 9,883 Thread 0x00007fe16183b800 Uncommon trap: reason=unstable_if action=reinterpret pc=0x000000011bdb8afc method=java.util.WeakHashMap.eq(Ljava/lang/Object;Ljava/lang/Object;)Z @ 10
Event: 11,492 Thread 0x00007fe163673800 Uncommon trap: reason=unloaded action=reinterpret pc=0x000000011c00230c method=org.apache.tomcat.util.bcel.classfile.Attribute.readAttribute(Ljava/io/DataInputStream;Lorg/apache/tomcat/util/bcel/classfile/ConstantPool;)Lorg/apache/tomcat/util/bcel/classfi

Internal exceptions (10 events):
Event: 7,543 Thread 0x00007fe161008000 Exception <a 'java/lang/NullPointerException'> (0x00000007978967c0) thrown at [/Users/java_re/workspace/8-2-build-macosx-x86_64/jdk8u144/9417/hotspot/src/share/vm/interpreter/linkResolver.cpp, line 1197]
Event: 7,543 Thread 0x00007fe161008000 Exception <a 'java/lang/NullPointerException'> (0x00000007978972f0) thrown at [/Users/java_re/workspace/8-2-build-macosx-x86_64/jdk8u144/9417/hotspot/src/share/vm/interpreter/linkResolver.cpp, line 1197]
Event: 7,543 Thread 0x00007fe161008000 Exception <a 'java/lang/NullPointerException'> (0x00000007978976f0) thrown at [/Users/java_re/workspace/8-2-build-macosx-x86_64/jdk8u144/9417/hotspot/src/share/vm/interpreter/linkResolver.cpp, line 1197]
Event: 7,543 Thread 0x00007fe161008000 Exception <a 'java/lang/NullPointerException'> (0x0000000797897af0) thrown at [/Users/java_re/workspace/8-2-build-macosx-x86_64/jdk8u144/9417/hotspot/src/share/vm/interpreter/linkResolver.cpp, line 1197]
Event: 7,543 Thread 0x00007fe161008000 Exception <a 'java/lang/NullPointerException'> (0x0000000797898570) thrown at [/Users/java_re/workspace/8-2-build-macosx-x86_64/jdk8u144/9417/hotspot/src/share/vm/interpreter/linkResolver.cpp, line 1197]
Event: 7,543 Thread 0x00007fe161008000 Exception <a 'java/lang/NullPointerException'> (0x0000000797898970) thrown at [/Users/java_re/workspace/8-2-build-macosx-x86_64/jdk8u144/9417/hotspot/src/share/vm/interpreter/linkResolver.cpp, line 1197]
Event: 7,543 Thread 0x00007fe161008000 Exception <a 'java/lang/NullPointerException'> (0x0000000797898d70) thrown at [/Users/java_re/workspace/8-2-build-macosx-x86_64/jdk8u144/9417/hotspot/src/share/vm/interpreter/linkResolver.cpp, line 1197]
Event: 7,824 Thread 0x00007fe161008000 Exception <a 'java/io/FileNotFoundException'> (0x0000000797c94430) thrown at [/Users/java_re/workspace/8-2-build-macosx-x86_64/jdk8u144/9417/hotspot/src/share/vm/prims/jni.cpp, line 709]
Event: 8,690 Thread 0x00007fe163673800 Implicit null exception at 0x000000011bc76b2c to 0x000000011bc77289
Event: 12,214 Thread 0x00007fe163673800 Exception <a 'java/util/zip/ZipException'> (0x00000007956be268) thrown at [/Users/java_re/workspace/8-2-build-macosx-x86_64/jdk8u144/9417/hotspot/src/share/vm/prims/jni.cpp, line 709]

Events (10 events):
Event: 12,216 Executing VM operation: RevokeBias
Event: 12,217 Executing VM operation: RevokeBias done
Event: 12,217 Executing VM operation: RevokeBias
Event: 12,217 Executing VM operation: RevokeBias done
Event: 12,219 loading class java/lang/Throwable$WrappedPrintWriter
Event: 12,219 loading class java/lang/Throwable$PrintStreamOrWriter
Event: 12,219 loading class java/lang/Throwable$PrintStreamOrWriter done
Event: 12,219 loading class java/lang/Throwable$WrappedPrintWriter done
Event: 12,220 Executing VM operation: RevokeBias
Event: 12,221 Executing VM operation: RevokeBias done


Dynamic libraries:
0x0000000024dff000 	/System/Library/Frameworks/Cocoa.framework/Versions/A/Cocoa
0x0000000024dff000 	/System/Library/Frameworks/Security.framework/Versions/A/Security
0x0000000024dff000 	/System/Library/Frameworks/ApplicationServices.framework/Versions/A/ApplicationServices
0x0000000024dff000 	/usr/lib/libz.1.dylib
0x0000000024dff000 	/usr/lib/libSystem.B.dylib
0x0000000024dff000 	/usr/lib/libobjc.A.dylib
0x0000000024dff000 	/System/Library/Frameworks/CoreFoundation.framework/Versions/A/CoreFoundation
0x0000000024dff000 	/System/Library/Frameworks/Foundation.framework/Versions/C/Foundation
0x0000000024dff000 	/System/Library/Frameworks/AppKit.framework/Versions/C/AppKit
0x0000000024dff000 	/System/Library/Frameworks/CoreData.framework/Versions/A/CoreData
0x0000000024dff000 	/System/Library/PrivateFrameworks/RemoteViewServices.framework/Versions/A/RemoteViewServices
0x0000000024dff000 	/System/Library/PrivateFrameworks/UIFoundation.framework/Versions/A/UIFoundation
0x0000000024dff000 	/System/Library/PrivateFrameworks/DFRFoundation.framework/Versions/A/DFRFoundation
0x0000000024dff000 	/System/Library/Frameworks/Metal.framework/Versions/A/Metal
0x0000000024dff000 	/System/Library/PrivateFrameworks/DesktopServicesPriv.framework/Versions/A/DesktopServicesPriv
0x0000000024dff000 	/usr/lib/libenergytrace.dylib
0x0000000024dff000 	/System/Library/PrivateFrameworks/SkyLight.framework/Versions/A/SkyLight
0x0000000024dff000 	/System/Library/Frameworks/CoreGraphics.framework/Versions/A/CoreGraphics
0x0000000024dff000 	/usr/lib/libScreenReader.dylib
0x0000000024dff000 	/System/Library/Frameworks/Accelerate.framework/Versions/A/Accelerate
0x0000000024dff000 	/System/Library/Frameworks/IOSurface.framework/Versions/A/IOSurface
0x0000000024dff000 	/System/Library/Frameworks/AudioToolbox.framework/Versions/A/AudioToolbox
0x0000000024dff000 	/System/Library/Frameworks/AudioUnit.framework/Versions/A/AudioUnit
0x0000000024dff000 	/System/Library/PrivateFrameworks/DataDetectorsCore.framework/Versions/A/DataDetectorsCore
0x0000000024dff000 	/System/Library/Frameworks/Carbon.framework/Versions/A/Frameworks/HIToolbox.framework/Versions/A/HIToolbox
0x0000000024dff000 	/usr/lib/libicucore.A.dylib
0x0000000024dff000 	/System/Library/Frameworks/QuartzCore.framework/Versions/A/QuartzCore
0x0000000024dff000 	/System/Library/PrivateFrameworks/SignpostNotification.framework/Versions/A/SignpostNotification
0x0000000024dff000 	/System/Library/Frameworks/Carbon.framework/Versions/A/Frameworks/SpeechRecognition.framework/Versions/A/SpeechRecognition
0x0000000024dff000 	/usr/lib/libauto.dylib
0x0000000024dff000 	/usr/lib/libxml2.2.dylib
0x0000000024dff000 	/System/Library/PrivateFrameworks/CoreUI.framework/Versions/A/CoreUI
0x0000000024dff000 	/System/Library/Frameworks/CoreAudio.framework/Versions/A/CoreAudio
0x0000000024dff000 	/System/Library/Frameworks/DiskArbitration.framework/Versions/A/DiskArbitration
0x0000000024dff000 	/usr/lib/liblangid.dylib
0x0000000024dff000 	/System/Library/PrivateFrameworks/MultitouchSupport.framework/Versions/A/MultitouchSupport
0x0000000024dff000 	/System/Library/Frameworks/IOKit.framework/Versions/A/IOKit
0x0000000024dff000 	/usr/lib/libDiagnosticMessagesClient.dylib
0x0000000024dff000 	/System/Library/Frameworks/CoreServices.framework/Versions/A/CoreServices
0x0000000024dff000 	/System/Library/PrivateFrameworks/PerformanceAnalysis.framework/Versions/A/PerformanceAnalysis
0x0000000024dff000 	/System/Library/Frameworks/OpenGL.framework/Versions/A/OpenGL
0x0000000024dff000 	/System/Library/Frameworks/ColorSync.framework/Versions/A/ColorSync
0x0000000024dff000 	/System/Library/Frameworks/CoreImage.framework/Versions/A/CoreImage
0x0000000024dff000 	/System/Library/Frameworks/CoreText.framework/Versions/A/CoreText
0x0000000024dff000 	/System/Library/Frameworks/ImageIO.framework/Versions/A/ImageIO
0x0000000024dff000 	/System/Library/PrivateFrameworks/Backup.framework/Versions/A/Backup
0x0000000024dff000 	/usr/lib/libarchive.2.dylib
0x0000000024dff000 	/System/Library/Frameworks/CFNetwork.framework/Versions/A/CFNetwork
0x0000000024dff000 	/System/Library/Frameworks/SystemConfiguration.framework/Versions/A/SystemConfiguration
0x0000000024dff000 	/usr/lib/libCRFSuite.dylib
0x0000000024dff000 	/usr/lib/libc++.1.dylib
0x0000000024dff000 	/usr/lib/libc++abi.dylib
0x0000000024dff000 	/usr/lib/system/libcache.dylib
0x0000000024dff000 	/usr/lib/system/libcommonCrypto.dylib
0x0000000024dff000 	/usr/lib/system/libcompiler_rt.dylib
0x0000000024dff000 	/usr/lib/system/libcopyfile.dylib
0x0000000024dff000 	/usr/lib/system/libcorecrypto.dylib
0x0000000024dff000 	/usr/lib/system/libdispatch.dylib
0x0000000024dff000 	/usr/lib/system/libdyld.dylib
0x0000000024dff000 	/usr/lib/system/libkeymgr.dylib
0x0000000024dff000 	/usr/lib/system/liblaunch.dylib
0x0000000024dff000 	/usr/lib/system/libmacho.dylib
0x0000000024dff000 	/usr/lib/system/libquarantine.dylib
0x0000000024dff000 	/usr/lib/system/libremovefile.dylib
0x0000000024dff000 	/usr/lib/system/libsystem_asl.dylib
0x0000000024dff000 	/usr/lib/system/libsystem_blocks.dylib
0x0000000024dff000 	/usr/lib/system/libsystem_c.dylib
0x0000000024dff000 	/usr/lib/system/libsystem_configuration.dylib
0x0000000024dff000 	/usr/lib/system/libsystem_coreservices.dylib
0x0000000024dff000 	/usr/lib/system/libsystem_darwin.dylib
0x0000000024dff000 	/usr/lib/system/libsystem_dnssd.dylib
0x0000000024dff000 	/usr/lib/system/libsystem_info.dylib
0x0000000024dff000 	/usr/lib/system/libsystem_m.dylib
0x0000000024dff000 	/usr/lib/system/libsystem_malloc.dylib
0x0000000024dff000 	/usr/lib/system/libsystem_network.dylib
0x0000000024dff000 	/usr/lib/system/libsystem_networkextension.dylib
0x0000000024dff000 	/usr/lib/system/libsystem_notify.dylib
0x0000000024dff000 	/usr/lib/system/libsystem_sandbox.dylib
0x0000000024dff000 	/usr/lib/system/libsystem_secinit.dylib
0x0000000024dff000 	/usr/lib/system/libsystem_kernel.dylib
0x0000000024dff000 	/usr/lib/system/libsystem_platform.dylib
0x0000000024dff000 	/usr/lib/system/libsystem_pthread.dylib
0x0000000024dff000 	/usr/lib/system/libsystem_symptoms.dylib
0x0000000024dff000 	/usr/lib/system/libsystem_trace.dylib
0x0000000024dff000 	/usr/lib/system/libunwind.dylib
0x0000000024dff000 	/usr/lib/system/libxpc.dylib
0x0000000024dff000 	/usr/lib/closure/libclosured.dylib
0x0000000024dff000 	/usr/lib/libbsm.0.dylib
0x0000000024dff000 	/usr/lib/system/libkxld.dylib
0x0000000024dff000 	/usr/lib/libOpenScriptingUtil.dylib
0x0000000024dff000 	/usr/lib/libcoretls.dylib
0x0000000024dff000 	/usr/lib/libcoretls_cfhelpers.dylib
0x0000000024dff000 	/usr/lib/libpam.2.dylib
0x0000000024dff000 	/usr/lib/libsqlite3.dylib
0x0000000024dff000 	/usr/lib/libxar.1.dylib
0x0000000024dff000 	/usr/lib/libbz2.1.0.dylib
0x0000000024dff000 	/usr/lib/liblzma.5.dylib
0x0000000024dff000 	/usr/lib/libnetwork.dylib
0x0000000024dff000 	/usr/lib/libapple_nghttp2.dylib
0x0000000024dff000 	/usr/lib/libpcap.A.dylib
0x0000000024dff000 	/usr/lib/libboringssl.dylib
0x0000000024dff000 	/usr/lib/libusrtcp.dylib
0x0000000024dff000 	/usr/lib/libapple_crypto.dylib
0x0000000024dff000 	/System/Library/Frameworks/CoreServices.framework/Versions/A/Frameworks/FSEvents.framework/Versions/A/FSEvents
0x0000000024dff000 	/System/Library/Frameworks/CoreServices.framework/Versions/A/Frameworks/CarbonCore.framework/Versions/A/CarbonCore
0x0000000024dff000 	/System/Library/Frameworks/CoreServices.framework/Versions/A/Frameworks/Metadata.framework/Versions/A/Metadata
0x0000000024dff000 	/System/Library/Frameworks/CoreServices.framework/Versions/A/Frameworks/OSServices.framework/Versions/A/OSServices
0x0000000024dff000 	/System/Library/Frameworks/CoreServices.framework/Versions/A/Frameworks/SearchKit.framework/Versions/A/SearchKit
0x0000000024dff000 	/System/Library/Frameworks/CoreServices.framework/Versions/A/Frameworks/AE.framework/Versions/A/AE
0x0000000024dff000 	/System/Library/Frameworks/CoreServices.framework/Versions/A/Frameworks/LaunchServices.framework/Versions/A/LaunchServices
0x0000000024dff000 	/System/Library/Frameworks/CoreServices.framework/Versions/A/Frameworks/DictionaryServices.framework/Versions/A/DictionaryServices
0x0000000024dff000 	/System/Library/Frameworks/CoreServices.framework/Versions/A/Frameworks/SharedFileList.framework/Versions/A/SharedFileList
0x0000000024dff000 	/System/Library/Frameworks/NetFS.framework/Versions/A/NetFS
0x0000000024dff000 	/System/Library/PrivateFrameworks/NetAuth.framework/Versions/A/NetAuth
0x0000000024dff000 	/System/Library/PrivateFrameworks/login.framework/Versions/A/Frameworks/loginsupport.framework/Versions/A/loginsupport
0x0000000024dff000 	/System/Library/PrivateFrameworks/TCC.framework/Versions/A/TCC
0x0000000024dff000 	/usr/lib/libmecabra.dylib
0x0000000024dff000 	/System/Library/Frameworks/ApplicationServices.framework/Versions/A/Frameworks/ATS.framework/Versions/A/ATS
0x0000000024dff000 	/System/Library/Frameworks/ApplicationServices.framework/Versions/A/Frameworks/ColorSyncLegacy.framework/Versions/A/ColorSyncLegacy
0x0000000024dff000 	/System/Library/Frameworks/ApplicationServices.framework/Versions/A/Frameworks/HIServices.framework/Versions/A/HIServices
0x0000000024dff000 	/System/Library/Frameworks/ApplicationServices.framework/Versions/A/Frameworks/LangAnalysis.framework/Versions/A/LangAnalysis
0x0000000024dff000 	/System/Library/Frameworks/ApplicationServices.framework/Versions/A/Frameworks/PrintCore.framework/Versions/A/PrintCore
0x0000000024dff000 	/System/Library/Frameworks/ApplicationServices.framework/Versions/A/Frameworks/QD.framework/Versions/A/QD
0x0000000024dff000 	/System/Library/Frameworks/ApplicationServices.framework/Versions/A/Frameworks/SpeechSynthesis.framework/Versions/A/SpeechSynthesis
0x0000000024dff000 	/System/Library/Frameworks/CoreDisplay.framework/Versions/A/CoreDisplay
0x0000000024dff000 	/System/Library/Frameworks/Accelerate.framework/Versions/A/Frameworks/vImage.framework/Versions/A/vImage
0x0000000024dff000 	/System/Library/Frameworks/Accelerate.framework/Versions/A/Frameworks/vecLib.framework/Versions/A/vecLib
0x0000000024dff000 	/System/Library/Frameworks/Accelerate.framework/Versions/A/Frameworks/vecLib.framework/Versions/A/libvDSP.dylib
0x0000000024dff000 	/System/Library/Frameworks/Accelerate.framework/Versions/A/Frameworks/vecLib.framework/Versions/A/libBNNS.dylib
0x0000000024dff000 	/System/Library/Frameworks/Accelerate.framework/Versions/A/Frameworks/vecLib.framework/Versions/A/libQuadrature.dylib
0x0000000024dff000 	/System/Library/Frameworks/Accelerate.framework/Versions/A/Frameworks/vecLib.framework/Versions/A/libvMisc.dylib
0x0000000024dff000 	/System/Library/Frameworks/Accelerate.framework/Versions/A/Frameworks/vecLib.framework/Versions/A/libLAPACK.dylib
0x0000000024dff000 	/System/Library/Frameworks/Accelerate.framework/Versions/A/Frameworks/vecLib.framework/Versions/A/libBLAS.dylib
0x0000000024dff000 	/System/Library/Frameworks/Accelerate.framework/Versions/A/Frameworks/vecLib.framework/Versions/A/libLinearAlgebra.dylib
0x0000000024dff000 	/System/Library/Frameworks/Accelerate.framework/Versions/A/Frameworks/vecLib.framework/Versions/A/libSparse.dylib
0x0000000024dff000 	/System/Library/Frameworks/Accelerate.framework/Versions/A/Frameworks/vecLib.framework/Versions/A/libSparseBLAS.dylib
0x0000000024dff000 	/System/Library/PrivateFrameworks/GPUWrangler.framework/Versions/A/GPUWrangler
0x0000000024dff000 	/System/Library/PrivateFrameworks/IOAccelerator.framework/Versions/A/IOAccelerator
0x0000000024dff000 	/System/Library/PrivateFrameworks/IOPresentment.framework/Versions/A/IOPresentment
0x0000000024dff000 	/System/Library/PrivateFrameworks/DSExternalDisplay.framework/Versions/A/DSExternalDisplay
0x0000000024dff000 	/System/Library/Frameworks/OpenGL.framework/Versions/A/Libraries/libCoreFSCache.dylib
0x0000000024dff000 	/System/Library/Frameworks/CoreVideo.framework/Versions/A/CoreVideo
0x0000000024dff000 	/System/Library/PrivateFrameworks/GraphVisualizer.framework/Versions/A/GraphVisualizer
0x0000000024dff000 	/System/Library/Frameworks/MetalPerformanceShaders.framework/Versions/A/MetalPerformanceShaders
0x0000000024dff000 	/usr/lib/libFosl_dynamic.dylib
0x0000000024dff000 	/System/Library/PrivateFrameworks/FaceCore.framework/Versions/A/FaceCore
0x0000000024dff000 	/System/Library/Frameworks/OpenCL.framework/Versions/A/OpenCL
0x0000000024dff000 	/usr/lib/libcompression.dylib
0x0000000024dff000 	/System/Library/Frameworks/ApplicationServices.framework/Versions/A/Frameworks/ATS.framework/Versions/A/Resources/libFontParser.dylib
0x0000000024dff000 	/System/Library/Frameworks/ApplicationServices.framework/Versions/A/Frameworks/ATS.framework/Versions/A/Resources/libFontRegistry.dylib
0x0000000024dff000 	/System/Library/Frameworks/ImageIO.framework/Versions/A/Resources/libJPEG.dylib
0x0000000024dff000 	/System/Library/Frameworks/ImageIO.framework/Versions/A/Resources/libTIFF.dylib
0x0000000024dff000 	/System/Library/Frameworks/ImageIO.framework/Versions/A/Resources/libPng.dylib
0x0000000024dff000 	/System/Library/Frameworks/ImageIO.framework/Versions/A/Resources/libGIF.dylib
0x0000000024dff000 	/System/Library/Frameworks/ImageIO.framework/Versions/A/Resources/libJP2.dylib
0x0000000024dff000 	/System/Library/Frameworks/ImageIO.framework/Versions/A/Resources/libRadiance.dylib
0x0000000024dff000 	/System/Library/PrivateFrameworks/AppleJPEG.framework/Versions/A/AppleJPEG
0x0000000024dff000 	/System/Library/Frameworks/MetalPerformanceShaders.framework/Frameworks/MPSCore.framework/Versions/A/MPSCore
0x0000000024dff000 	/System/Library/Frameworks/MetalPerformanceShaders.framework/Frameworks/MPSImage.framework/Versions/A/MPSImage
0x0000000024dff000 	/System/Library/Frameworks/MetalPerformanceShaders.framework/Frameworks/MPSNeuralNetwork.framework/Versions/A/MPSNeuralNetwork
0x0000000024dff000 	/System/Library/Frameworks/MetalPerformanceShaders.framework/Frameworks/MPSMatrix.framework/Versions/A/MPSMatrix
0x0000000024dff000 	/System/Library/PrivateFrameworks/MetalTools.framework/Versions/A/MetalTools
0x0000000024dff000 	/System/Library/Frameworks/OpenGL.framework/Versions/A/Libraries/libGLU.dylib
0x0000000024dff000 	/System/Library/Frameworks/OpenGL.framework/Versions/A/Libraries/libGFXShared.dylib
0x0000000024dff000 	/System/Library/Frameworks/OpenGL.framework/Versions/A/Libraries/libGL.dylib
0x0000000024dff000 	/System/Library/Frameworks/OpenGL.framework/Versions/A/Libraries/libGLImage.dylib
0x0000000024dff000 	/System/Library/Frameworks/OpenGL.framework/Versions/A/Libraries/libCVMSPluginSupport.dylib
0x0000000024dff000 	/System/Library/Frameworks/OpenGL.framework/Versions/A/Libraries/libCoreVMClient.dylib
0x0000000024dff000 	/usr/lib/libcups.2.dylib
0x0000000024dff000 	/System/Library/Frameworks/Kerberos.framework/Versions/A/Kerberos
0x0000000024dff000 	/System/Library/Frameworks/GSS.framework/Versions/A/GSS
0x0000000024dff000 	/usr/lib/libresolv.9.dylib
0x0000000024dff000 	/usr/lib/libiconv.2.dylib
0x0000000024dff000 	/System/Library/PrivateFrameworks/Heimdal.framework/Versions/A/Heimdal
0x0000000024dff000 	/usr/lib/libheimdal-asn1.dylib
0x0000000024dff000 	/System/Library/Frameworks/OpenDirectory.framework/Versions/A/OpenDirectory
0x0000000024dff000 	/System/Library/PrivateFrameworks/CommonAuth.framework/Versions/A/CommonAuth
0x0000000024dff000 	/System/Library/Frameworks/OpenDirectory.framework/Versions/A/Frameworks/CFOpenDirectory.framework/Versions/A/CFOpenDirectory
0x0000000024dff000 	/System/Library/Frameworks/SecurityFoundation.framework/Versions/A/SecurityFoundation
0x0000000024dff000 	/System/Library/PrivateFrameworks/APFS.framework/Versions/A/APFS
0x0000000024dff000 	/usr/lib/libutil.dylib
0x0000000024dff000 	/System/Library/PrivateFrameworks/AppleSauce.framework/Versions/A/AppleSauce
0x0000000024dff000 	/System/Library/PrivateFrameworks/LinguisticData.framework/Versions/A/LinguisticData
0x0000000024dff000 	/usr/lib/libmarisa.dylib
0x0000000024dff000 	/System/Library/PrivateFrameworks/Lexicon.framework/Versions/A/Lexicon
0x0000000024dff000 	/usr/lib/libChineseTokenizer.dylib
0x0000000024dff000 	/usr/lib/libcmph.dylib
0x0000000024dff000 	/System/Library/PrivateFrameworks/LanguageModeling.framework/Versions/A/LanguageModeling
0x0000000024dff000 	/System/Library/PrivateFrameworks/CoreEmoji.framework/Versions/A/CoreEmoji
0x0000000024dff000 	/System/Library/Frameworks/ServiceManagement.framework/Versions/A/ServiceManagement
0x0000000024dff000 	/System/Library/PrivateFrameworks/BackgroundTaskManagement.framework/Versions/A/BackgroundTaskManagement
0x0000000024dff000 	/usr/lib/libxslt.1.dylib
0x0000000024dff000 	/System/Library/Frameworks/Carbon.framework/Versions/A/Frameworks/Ink.framework/Versions/A/Ink
0x0000000024dff000 	/System/Library/PrivateFrameworks/TextureIO.framework/Versions/A/TextureIO
0x0000000024dff000 	/usr/lib/libate.dylib
0x0000000024dff000 	/System/Library/PrivateFrameworks/CrashReporterSupport.framework/Versions/A/CrashReporterSupport
0x0000000024dff000 	/System/Library/PrivateFrameworks/Sharing.framework/Versions/A/Sharing
0x0000000024dff000 	/System/Library/PrivateFrameworks/IconServices.framework/Versions/A/IconServices
0x0000000024dff000 	/System/Library/PrivateFrameworks/Apple80211.framework/Versions/A/Apple80211
0x0000000024dff000 	/System/Library/PrivateFrameworks/CoreUtils.framework/Versions/A/CoreUtils
0x0000000024dff000 	/System/Library/Frameworks/CoreWLAN.framework/Versions/A/CoreWLAN
0x0000000024dff000 	/System/Library/Frameworks/IOBluetooth.framework/Versions/A/IOBluetooth
0x0000000024dff000 	/System/Library/PrivateFrameworks/ProtocolBuffer.framework/Versions/A/ProtocolBuffer
0x0000000024dff000 	/System/Library/PrivateFrameworks/CoreWiFi.framework/Versions/A/CoreWiFi
0x0000000024dff000 	/System/Library/Frameworks/CoreBluetooth.framework/Versions/A/CoreBluetooth
0x0000000024dff000 	/System/Library/PrivateFrameworks/DebugSymbols.framework/Versions/A/DebugSymbols
0x0000000024dff000 	/System/Library/PrivateFrameworks/CoreSymbolication.framework/Versions/A/CoreSymbolication
0x0000000024dff000 	/System/Library/PrivateFrameworks/Symbolication.framework/Versions/A/Symbolication
0x0000000024dff000 	/System/Library/PrivateFrameworks/AppleFSCompression.framework/Versions/A/AppleFSCompression
0x0000000024dff000 	/System/Library/PrivateFrameworks/SpeechRecognitionCore.framework/Versions/A/SpeechRecognitionCore
0x0000000110800000 	/Library/Java/JavaVirtualMachines/jdk1.8.0_144.jdk/Contents/Home/jre/lib/server/libjvm.dylib
0x0000000024dff000 	/usr/lib/libstdc++.6.0.9.dylib
0x000000010ffe2000 	/Library/Java/JavaVirtualMachines/jdk1.8.0_144.jdk/Contents/Home/jre/lib/libverify.dylib
0x00000001117a7000 	/Library/Java/JavaVirtualMachines/jdk1.8.0_144.jdk/Contents/Home/jre/lib/libjava.dylib
0x000000011181c000 	/Library/Java/JavaVirtualMachines/jdk1.8.0_144.jdk/Contents/Home/jre/lib/libzip.dylib
0x0000000024dff000 	/System/Library/Frameworks/JavaVM.framework/Versions/A/Frameworks/JavaRuntimeSupport.framework/Versions/A/JavaRuntimeSupport
0x0000000024dff000 	/System/Library/Frameworks/JavaVM.framework/Versions/A/Frameworks/JavaNativeFoundation.framework/Versions/A/JavaNativeFoundation
0x0000000024dff000 	/System/Library/Frameworks/JavaVM.framework/Versions/A/JavaVM
0x0000000024dff000 	/System/Library/Frameworks/Carbon.framework/Versions/A/Carbon
0x0000000024dff000 	/System/Library/PrivateFrameworks/JavaLaunching.framework/Versions/A/JavaLaunching
0x0000000024dff000 	/System/Library/Frameworks/Carbon.framework/Versions/A/Frameworks/CommonPanels.framework/Versions/A/CommonPanels
0x0000000024dff000 	/System/Library/Frameworks/Carbon.framework/Versions/A/Frameworks/Help.framework/Versions/A/Help
0x0000000024dff000 	/System/Library/Frameworks/Carbon.framework/Versions/A/Frameworks/ImageCapture.framework/Versions/A/ImageCapture
0x0000000024dff000 	/System/Library/Frameworks/Carbon.framework/Versions/A/Frameworks/OpenScripting.framework/Versions/A/OpenScripting
0x0000000024dff000 	/System/Library/Frameworks/Carbon.framework/Versions/A/Frameworks/Print.framework/Versions/A/Print
0x0000000024dff000 	/System/Library/Frameworks/Carbon.framework/Versions/A/Frameworks/SecurityHI.framework/Versions/A/SecurityHI
0x0000000119c21000 	/Users/andre/Documents/apache-maven-3.5.3/lib/jansi-native/osx/libjansi.jnilib
0x0000000119dae000 	/Library/Java/JavaVirtualMachines/jdk1.8.0_144.jdk/Contents/Home/jre/lib/libnet.dylib
0x0000000119dc5000 	/Library/Java/JavaVirtualMachines/jdk1.8.0_144.jdk/Contents/Home/jre/lib/libnio.dylib
0x000000011a77f000 	/Library/Java/JavaVirtualMachines/jdk1.8.0_144.jdk/Contents/Home/jre/lib/libsunec.dylib
0x0000000119c5b000 	/Library/Java/JavaVirtualMachines/jdk1.8.0_144.jdk/Contents/Home/jre/lib/libmanagement.dylib

VM Arguments:
jvm_args: -Dclassworlds.conf=/Users/andre/Documents/apache-maven-3.5.3/bin/m2.conf -Dmaven.home=/Users/andre/Documents/apache-maven-3.5.3 -Dlibrary.jansi.path=/Users/andre/Documents/apache-maven-3.5.3/lib/jansi-native -Dmaven.multiModuleProjectDirectory=/Users/andre/NetBeansProjects/lapr4-18-2dl 
java_command: org.codehaus.plexus.classworlds.launcher.Launcher tomcat7:run-war-only
java_class_path (initial): /Users/andre/Documents/apache-maven-3.5.3/boot/plexus-classworlds-2.5.2.jar
Launcher Type: SUN_STANDARD

Environment Variables:
PATH=/opt/local/bin:/opt/local/sbin:/usr/bin:/bin:/usr/sbin:/sbin:/usr/local/bin:/opt/X11/bin:/Users/andre/Documents/apache-maven-3.5.3/bin
SHELL=/bin/bash
DISPLAY=/private/tmp/com.apple.launchd.bt9OtRCrzW/org.macosforge.xquartz:0

Signal Handlers:
SIGSEGV: [libjvm.dylib+0x5b26e5], sa_mask[0]=11111111011111110111111111111111, sa_flags=SA_ONSTACK|SA_RESTART|SA_SIGINFO
SIGBUS: [libjvm.dylib+0x5b26e5], sa_mask[0]=11111111011111110111111111111111, sa_flags=SA_RESTART|SA_SIGINFO
SIGFPE: [libjvm.dylib+0x489100], sa_mask[0]=11111111011111110111111111111111, sa_flags=SA_RESTART|SA_SIGINFO
SIGPIPE: [libjvm.dylib+0x489100], sa_mask[0]=11111111011111110111111111111111, sa_flags=SA_RESTART|SA_SIGINFO
SIGXFSZ: [libjvm.dylib+0x489100], sa_mask[0]=11111111011111110111111111111111, sa_flags=SA_RESTART|SA_SIGINFO
SIGILL: [libjvm.dylib+0x489100], sa_mask[0]=11111111011111110111111111111111, sa_flags=SA_RESTART|SA_SIGINFO
SIGUSR1: SIG_DFL, sa_mask[0]=11011111011111100000000111000110, sa_flags=none
SIGUSR2: [libjvm.dylib+0x488c1e], sa_mask[0]=00000000000000000000000000000000, sa_flags=SA_RESTART|SA_SIGINFO
SIGHUP: [libjvm.dylib+0x4871f5], sa_mask[0]=11111111011111110111111111111111, sa_flags=SA_RESTART|SA_SIGINFO
SIGINT: [libjvm.dylib+0x4871f5], sa_mask[0]=11111111011111110111111111111111, sa_flags=SA_RESTART|SA_SIGINFO
SIGTERM: [libjvm.dylib+0x4871f5], sa_mask[0]=11111111011111110111111111111111, sa_flags=SA_RESTART|SA_SIGINFO
SIGQUIT: [libjvm.dylib+0x4871f5], sa_mask[0]=11111111011111110111111111111111, sa_flags=SA_RESTART|SA_SIGINFO


---------------  S Y S T E M  ---------------

OS:Bsduname:Darwin 17.5.0 Darwin Kernel Version 17.5.0: Fri Apr 13 19:32:32 PDT 2018; root:xnu-4570.51.2~1/RELEASE_X86_64 x86_64
rlimit: STACK 8192k, CORE 0k, NPROC 709, NOFILE 10240, AS infinity
load average:2,84 3,14 4,04

CPU:total 4 (initial active 4) (2 cores per cpu, 2 threads per core) family 6 model 42 stepping 7, cmov, cx8, fxsr, mmx, sse, sse2, sse3, ssse3, sse4.1, sse4.2, popcnt, avx, aes, clmul, ht, tsc, tscinvbit

Memory: 4k page, physical 8388608k(1270456k free)

/proc/meminfo:


vm_info: Java HotSpot(TM) 64-Bit Server VM (25.144-b01) for bsd-amd64 JRE (1.8.0_144-b01), built on Jul 21 2017 22:07:42 by "java_re" with gcc 4.2.1 (Based on Apple Inc. build 5658) (LLVM build 2336.11.00)

time: Mon Jun  4 23:23:23 2018
elapsed time: 12 seconds (0d 0h 0m 12s)

